
> server@0.0.1 build
> npx prisma generate && nest build

Environment variables loaded from .env
Prisma schema loaded from prisma\schema.prisma

âœ” Generated Prisma Client (v6.18.0) to .\node_modules\.prisma\client in 699ms

Start by importing your Prisma Client (See: https://pris.ly/d/importing-client)

Tip: Want to turn off tips and other hints? https://pris.ly/tip-4-nohints

[96msrc/modules/auth/strategies/github.strategy.ts[0m:[93m13[0m:[93m11[0m - [91merror[0m[90m TS2345: [0mArgument of type '[{ clientID: string | undefined; clientSecret: string | undefined; callbackURL: string; scope: string[]; }]' is not assignable to parameter of type '[options: StrategyOptionsWithRequest] | [options: StrategyOptions]'.
  Type '[{ clientID: string | undefined; clientSecret: string | undefined; callbackURL: string; scope: string[]; }]' is not assignable to type '[options: StrategyOptions]'.
    Type '{ clientID: string | undefined; clientSecret: string | undefined; callbackURL: string; scope: string[]; }' is not assignable to type 'StrategyOptions'.
      Types of property 'clientID' are incompatible.
        Type 'string | undefined' is not assignable to type 'string'.
          Type 'undefined' is not assignable to type 'string'.

[7m 13[0m     super({
[7m   [0m [91m          ~[0m
[7m 14[0m       clientID: configService.get<string>('GITHUB_CLIENT_ID'),
[7m   [0m [91m~~~~~~~~~~~~~~~~~~~~~~~~~~~~~~~~~~~~~~~~~~~~~~~~~~~~~~~~~~~~~~[0m
[7m...[0m 
[7m 18[0m       scope: ['user:email'],
[7m   [0m [91m~~~~~~~~~~~~~~~~~~~~~~~~~~~~[0m
[7m 19[0m     });
[7m   [0m [91m~~~~~[0m
[96msrc/modules/auth/strategies/google.strategy.ts[0m:[93m13[0m:[93m11[0m - [91merror[0m[90m TS2345: [0mArgument of type '[{ clientID: string | undefined; clientSecret: string | undefined; callbackURL: string; scope: string[]; }]' is not assignable to parameter of type '[options: StrategyOptionsWithRequest] | [options: StrategyOptions] | [options: StrategyOptions] | [options: StrategyOptionsWithRequest]'.
  Type '[{ clientID: string | undefined; clientSecret: string | undefined; callbackURL: string; scope: string[]; }]' is not assignable to type '[options: StrategyOptionsWithRequest]'.
    Property 'passReqToCallback' is missing in type '{ clientID: string | undefined; clientSecret: string | undefined; callbackURL: string; scope: string[]; }' but required in type 'StrategyOptionsWithRequest'.

[7m 13[0m     super({
[7m   [0m [91m          ~[0m
[7m 14[0m       clientID: configService.get<string>('GOOGLE_CLIENT_ID'),
[7m   [0m [91m~~~~~~~~~~~~~~~~~~~~~~~~~~~~~~~~~~~~~~~~~~~~~~~~~~~~~~~~~~~~~~[0m
[7m...[0m 
[7m 18[0m       scope: ['email', 'profile'],
[7m   [0m [91m~~~~~~~~~~~~~~~~~~~~~~~~~~~~~~~~~~[0m
[7m 19[0m     });
[7m   [0m [91m~~~~~[0m

  [96m../../node_modules/@types/passport-google-oauth20/index.d.ts[0m:[93m38[0m:[93m5[0m
    [7m38[0m     passReqToCallback: true;
    [7m  [0m [96m    ~~~~~~~~~~~~~~~~~[0m
    'passReqToCallback' is declared here.
[96msrc/modules/upload/upload.service.ts[0m:[93m22[0m:[93m36[0m - [91merror[0m[90m TS2345: [0mArgument of type '[{ region: string | (string & Provider<string | undefined>) | (Provider<string> & string) | (Provider<string> & Provider<string | undefined>) | undefined; credentials: { ...; }; }]' is not assignable to parameter of type '[] | [S3ClientConfig]'.
  Type '[{ region: string | (string & Provider<string | undefined>) | (Provider<string> & string) | (Provider<string> & Provider<string | undefined>) | undefined; credentials: { ...; }; }]' is not assignable to type '[S3ClientConfig]'.
    Type '{ region: string | (string & Provider<string | undefined>) | (Provider<string> & string) | (Provider<string> & Provider<string | undefined>) | undefined; credentials: { ...; }; }' is not assignable to type 'S3ClientConfig'.
      Type '{ region: string | (string & Provider<string | undefined>) | (Provider<string> & string) | (Provider<string> & Provider<string | undefined>) | undefined; credentials: { ...; }; }' is not assignable to type 'HttpAuthSchemeInputConfig'.
        Types of property 'credentials' are incompatible.
          Type '{ accessKeyId: string | undefined; secretAccessKey: string | undefined; }' is not assignable to type 'AwsCredentialIdentity | AwsCredentialIdentityProvider | undefined'.
            Type '{ accessKeyId: string | undefined; secretAccessKey: string | undefined; }' is not assignable to type 'AwsCredentialIdentity'.
              Types of property 'accessKeyId' are incompatible.
                Type 'string | undefined' is not assignable to type 'string'.
                  Type 'undefined' is not assignable to type 'string'.

[7m 22[0m       this.s3Client = new S3Client({
[7m   [0m [91m                                   ~[0m
[7m 23[0m         region: this.configService.get('AWS_REGION'),
[7m   [0m [91m~~~~~~~~~~~~~~~~~~~~~~~~~~~~~~~~~~~~~~~~~~~~~~~~~~~~~[0m
[7m...[0m 
[7m 27[0m         },
[7m   [0m [91m~~~~~~~~~~[0m
[7m 28[0m       });
[7m   [0m [91m~~~~~~~[0m
[96msrc/modules/upload/upload.service.ts[0m:[93m29[0m:[93m7[0m - [91merror[0m[90m TS2322: [0mType 'string | undefined' is not assignable to type 'string'.
  Type 'undefined' is not assignable to type 'string'.

[7m29[0m       this.bucketName = this.configService.get('AWS_BUCKET_NAME');
Found 4 error(s).
[7m  [0m [91m      ~~~~~~~~~~~~~~~[0m


npm error Lifecycle script `build` failed with error:
npm error code 1
npm error path F:\kannan\projects\unoffical\apps\server
npm error workspace server@0.0.1
npm error location F:\kannan\projects\unoffical\apps\server
npm error command failed
npm error command C:\WINDOWS\system32\cmd.exe /d /s /c npx prisma generate && nest build
